<?xml version="1.0" encoding="UTF-8"?>
<testsuite name="Login feature" tests="1" skipped="0" failures="0" errors="0" timestamp="2023-06-15T13:34:24" hostname="AP00028-MP" time="26.58">
  <properties/>
  <testcase name="Login with wrong password" classname="Login feature" time="26.58"/>
  <system-out><![CDATA[
Scenario: Login with wrong password   ?[90m# src/test/resources/features/Login.feature:3?[0m
asdadad
  ?[32mGiven ?[0m?[32mUser click entry point login?[0m  ?[90m# step_definitions.LoginSteps.<init>(LoginSteps.java:11)?[0m
  ?[32mWhen ?[0m?[32mUser input username ?[0m?[32m?[1m"dika"?[0m     ?[90m# step_definitions.LoginSteps.<init>(LoginSteps.java:13)?[0m
  ?[32mAnd ?[0m?[32mUser input password ?[0m?[32m?[1m"stockbit2"?[0m ?[90m# step_definitions.LoginSteps.<init>(LoginSteps.java:15)?[0m
  ?[32mAnd ?[0m?[32mUser click login button?[0m         ?[90m# step_definitions.LoginSteps.<init>(LoginSteps.java:17)?[0m
]]></system-out>
  <system-err><![CDATA[Jun 15, 2023 8:34:46 PM io.appium.java_client.remote.AppiumCommandExecutor$1 lambda$0
INFO: Detected dialect: W3C
]]></system-err>
</testsuite>
